2025-01-28 00:55:06 Research initialized with file: data.csv
2025-01-28 00:55:06 File successfully read: data.csv
2025-01-28 00:55:06 Calculations initialized with data.
2025-01-28 00:55:06 Counts calculated: 5 heads, 7 tails
2025-01-28 00:55:06 Fractions calculated: 41.67% heads, 58.33% tails
2025-01-28 00:55:06 Random predictions generated: [[1, 0], [1, 1], [0, 0]]
2025-01-28 00:55:06 Last prediction returned: [0, 1]
2025-01-28 00:55:06 File saved: report.txt
2025-01-28 00:55:07 Telegram message sent successfully.
2025-01-28 00:59:11 Research initialized with file: data.csv
2025-01-28 00:59:11 File successfully read: data.csv
2025-01-28 00:59:11 Calculations initialized with data.
2025-01-28 00:59:11 Counts calculated: 5 heads, 7 tails
2025-01-28 00:59:11 Fractions calculated: 41.67% heads, 58.33% tails
2025-01-28 00:59:11 Random predictions generated: [[1, 1], [0, 1], [1, 0]]
2025-01-28 00:59:11 Last prediction returned: [0, 1]
2025-01-28 00:59:11 File saved: report.txt
2025-01-28 00:59:11 Telegram message sent successfully.
2025-01-28 01:00:49 Research initialized with file: data.csv
2025-01-28 01:00:49 File successfully read: data.csv
2025-01-28 01:00:49 Calculations initialized with data.
2025-01-28 01:00:49 Counts calculated: 5 heads, 7 tails
2025-01-28 01:00:49 Fractions calculated: 41.67% heads, 58.33% tails
2025-01-28 01:00:49 Random predictions generated: [[0, 1], [0, 1], [0, 1]]
2025-01-28 01:00:49 Last prediction returned: [0, 1]
2025-01-28 01:00:49 File saved: report.txt
2025-01-28 01:00:50 Telegram message sent successfully.
2025-01-28 01:14:03,627 Research initialized with file: data.csv
2025-01-28 01:14:03,628 File successfully read: data.csv
2025-01-28 01:14:03,628 Calculations initialized with data.
2025-01-28 01:14:03,628 Counts calculated: 5 heads, 7 tails
2025-01-28 01:14:03,628 Fractions calculated: 41.67% heads, 58.33% tails
2025-01-28 01:14:03,628 Random predictions generated: [[0, 0], [0, 0], [0, 1]]
2025-01-28 01:14:03,628 Last prediction returned: [0, 1]
2025-01-28 01:14:03,630 File saved: report.txt
2025-01-28 01:14:04,392 Telegram message sent successfully.
